0 info it worked if it ends with ok
1 verbose cli [ '/usr/local/bin/node', '/usr/local/bin/npm', 'start' ]
2 info using npm@3.3.12
3 info using node@v5.2.0
4 verbose run-script [ 'prestart', 'start', 'poststart' ]
5 info lifecycle api_node_express@1.0.0~prestart: api_node_express@1.0.0
6 silly lifecycle api_node_express@1.0.0~prestart: no script for prestart, continuing
7 info lifecycle api_node_express@1.0.0~start: api_node_express@1.0.0
8 verbose lifecycle api_node_express@1.0.0~start: unsafe-perm in lifecycle true
9 verbose lifecycle api_node_express@1.0.0~start: PATH: /usr/local/lib/node_modules/npm/bin/node-gyp-bin:/home/juanda/api_node_express/ejercicio3-nodemon-eslint/node_modules/.bin:/usr/local/heroku/bin:/home/juanda/google_appengine/:/usr/local/bin:/usr/local/sbin:/usr/sbin:/usr/bin:/sbin:/bin:/usr/games:/usr/local/games:/home/juanda/android-sdk-linux:/home/juanda/android-sdk-linux/tools:/home/juanda/android-sdk-linux/platform-tools
10 verbose lifecycle api_node_express@1.0.0~start: CWD: /home/juanda/api_node_express/ejercicio3-nodemon-eslint
11 silly lifecycle api_node_express@1.0.0~start: Args: [ '-c', 'nodemon app/server.js' ]
12 info lifecycle api_node_express@1.0.0~start: Failed to exec start script
13 verbose stack Error: api_node_express@1.0.0 start: `nodemon app/server.js`
13 verbose stack spawn ENOENT
13 verbose stack     at ChildProcess.<anonymous> (/usr/local/lib/node_modules/npm/lib/utils/spawn.js:17:16)
13 verbose stack     at emitTwo (events.js:88:13)
13 verbose stack     at ChildProcess.emit (events.js:173:7)
13 verbose stack     at maybeClose (internal/child_process.js:819:16)
13 verbose stack     at Process.ChildProcess._handle.onexit (internal/child_process.js:212:5)
14 verbose pkgid api_node_express@1.0.0
15 verbose cwd /home/juanda/api_node_express/ejercicio3-nodemon-eslint
16 error Linux 3.13.0-46-generic
17 error argv "/usr/local/bin/node" "/usr/local/bin/npm" "start"
18 error node v5.2.0
19 error npm  v3.3.12
20 error file sh
21 error code ELIFECYCLE
22 error errno ENOENT
23 error syscall spawn
24 error api_node_express@1.0.0 start: `nodemon app/server.js`
24 error spawn ENOENT
25 error Failed at the api_node_express@1.0.0 start script 'nodemon app/server.js'.
25 error Make sure you have the latest version of node.js and npm installed.
25 error If you do, this is most likely a problem with the api_node_express package,
25 error not with npm itself.
25 error Tell the author that this fails on your system:
25 error     nodemon app/server.js
25 error You can get their info via:
25 error     npm owner ls api_node_express
25 error There is likely additional logging output above.
26 verbose exit [ 1, true ]
